<?xml version="1.0" encoding="UTF-8"?>
<!-- Generated by org.testng.reporters.JUnitReportReporter -->
<testsuite skipped="10" hostname="MacBook-Pro-2.local" name="com.fpt.Excercise1" tests="11" failures="0" timestamp="10 Mar 2019 14:51:54 GMT" time="0.069" errors="1">
  <testcase name="TestTitle" time="0.001" classname="com.fpt.Excercise1">
    <skipped/>
  </testcase> <!-- TestTitle -->
  <testcase name="setup" time="0.068" classname="com.fpt.Excercise1">
    <error type="java.lang.IllegalStateException" message="The driver executable does not exist: /Users/apple/eclipse-workspace/Practice2_WorkingWithElement/chromedriver">
      <![CDATA[java.lang.IllegalStateException: The driver executable does not exist: /Users/apple/eclipse-workspace/Practice2_WorkingWithElement/chromedriver
	at com.google.common.base.Preconditions.checkState(Preconditions.java:534)
	at org.openqa.selenium.remote.service.DriverService.checkExecutable(DriverService.java:136)
	at org.openqa.selenium.remote.service.DriverService.findExecutable(DriverService.java:131)
	at org.openqa.selenium.chrome.ChromeDriverService.access$000(ChromeDriverService.java:32)
	at org.openqa.selenium.chrome.ChromeDriverService$Builder.findDefaultExecutable(ChromeDriverService.java:137)
	at org.openqa.selenium.remote.service.DriverService$Builder.build(DriverService.java:339)
	at org.openqa.selenium.chrome.ChromeDriverService.createDefaultService(ChromeDriverService.java:88)
	at org.openqa.selenium.chrome.ChromeDriver.<init>(ChromeDriver.java:123)
	at com.fpt.Excercise1.setup(Excercise1.java:19)
	at sun.reflect.NativeMethodAccessorImpl.invoke0(Native Method)
	at sun.reflect.NativeMethodAccessorImpl.invoke(NativeMethodAccessorImpl.java:62)
	at sun.reflect.DelegatingMethodAccessorImpl.invoke(DelegatingMethodAccessorImpl.java:43)
	at java.lang.reflect.Method.invoke(Method.java:498)
	at org.testng.internal.MethodInvocationHelper.invokeMethod(MethodInvocationHelper.java:108)
	at org.testng.internal.Invoker.invokeConfigurationMethod(Invoker.java:523)
	at org.testng.internal.Invoker.invokeConfigurations(Invoker.java:224)
	at org.testng.internal.Invoker.invokeConfigurations(Invoker.java:146)
	at org.testng.internal.TestMethodWorker.invokeBeforeClassMethods(TestMethodWorker.java:166)
	at org.testng.internal.TestMethodWorker.run(TestMethodWorker.java:105)
	at org.testng.TestRunner.privateRun(TestRunner.java:744)
	at org.testng.TestRunner.run(TestRunner.java:602)
	at org.testng.SuiteRunner.runTest(SuiteRunner.java:380)
	at org.testng.SuiteRunner.runSequentially(SuiteRunner.java:375)
	at org.testng.SuiteRunner.privateRun(SuiteRunner.java:340)
	at org.testng.SuiteRunner.run(SuiteRunner.java:289)
	at org.testng.SuiteRunnerWorker.runSuite(SuiteRunnerWorker.java:52)
	at org.testng.SuiteRunnerWorker.run(SuiteRunnerWorker.java:86)
	at org.testng.TestNG.runSuitesSequentially(TestNG.java:1301)
	at org.testng.TestNG.runSuitesLocally(TestNG.java:1226)
	at org.testng.TestNG.runSuites(TestNG.java:1144)
	at org.testng.TestNG.run(TestNG.java:1115)
	at org.testng.remote.AbstractRemoteTestNG.run(AbstractRemoteTestNG.java:132)
	at org.testng.remote.RemoteTestNG.initAndRun(RemoteTestNG.java:230)
	at org.testng.remote.RemoteTestNG.main(RemoteTestNG.java:76)
]]>
    </error>
  </testcase> <!-- setup -->
  <testcase name="TestLogo" time="0.000" classname="com.fpt.Excercise1">
    <skipped/>
  </testcase> <!-- TestLogo -->
  <testcase name="TestTextSearchBox" time="0.000" classname="com.fpt.Excercise1">
    <skipped/>
  </testcase> <!-- TestTextSearchBox -->
  <testcase name="TestBtnSearchBox" time="0.000" classname="com.fpt.Excercise1">
    <skipped/>
  </testcase> <!-- TestBtnSearchBox -->
  <testcase name="TestCart" time="0.000" classname="com.fpt.Excercise1">
    <skipped/>
  </testcase> <!-- TestCart -->
  <testcase name="TestWomenItem" time="0.000" classname="com.fpt.Excercise1">
    <skipped/>
  </testcase> <!-- TestWomenItem -->
  <testcase name="TestDressItem" time="0.000" classname="com.fpt.Excercise1">
    <skipped/>
  </testcase> <!-- TestDressItem -->
  <testcase name="TestTshirt" time="0.000" classname="com.fpt.Excercise1">
    <skipped/>
  </testcase> <!-- TestTshirt -->
  <testcase name="TestContasUs" time="0.000" classname="com.fpt.Excercise1">
    <skipped/>
  </testcase> <!-- TestContasUs -->
  <testcase name="TestSignIn" time="0.000" classname="com.fpt.Excercise1">
    <skipped/>
  </testcase> <!-- TestSignIn -->
</testsuite> <!-- com.fpt.Excercise1 -->
