<?xml version="1.0" encoding="UTF-8"?>
<!-- Generated by org.testng.reporters.JUnitReportReporter -->
<testsuite skipped="9" hostname="MacBook-Pro-2.local" name="com.fpt.CheckContact" tests="10" failures="0" timestamp="27 Mar 2019 01:41:05 GMT" time="0.057" errors="1">
  <testcase name="testClickSendButton" time="0.000" classname="com.fpt.CheckContact">
    <skipped/>
  </testcase> <!-- testClickSendButton -->
  <testcase name="clickContactButton" time="0.000" classname="com.fpt.CheckContact">
    <skipped/>
  </testcase> <!-- clickContactButton -->
  <testcase name="testInputMessage" time="0.000" classname="com.fpt.CheckContact">
    <skipped/>
  </testcase> <!-- testInputMessage -->
  <testcase name="testSelectProduct" time="0.000" classname="com.fpt.CheckContact">
    <skipped/>
  </testcase> <!-- testSelectProduct -->
  <testcase name="checkDisplay" time="0.000" classname="com.fpt.CheckContact">
    <skipped/>
  </testcase> <!-- checkDisplay -->
  <testcase name="testInputEmail" time="0.000" classname="com.fpt.CheckContact">
    <skipped/>
  </testcase> <!-- testInputEmail -->
  <testcase name="testVerifyText" time="0.000" classname="com.fpt.CheckContact">
    <skipped/>
  </testcase> <!-- testVerifyText -->
  <testcase name="testSelectCustomerService" time="0.000" classname="com.fpt.CheckContact">
    <skipped/>
  </testcase> <!-- testSelectCustomerService -->
  <testcase name="testSelectOrderReference" time="0.000" classname="com.fpt.CheckContact">
    <skipped/>
  </testcase> <!-- testSelectOrderReference -->
  <testcase name="setup" time="0.057" classname="com.fpt.CheckContact">
    <error type="java.lang.IllegalStateException" message="The driver executable does not exist: /Users/apple/eclipse-workspace/Assignment2_Cross-Browser_Testing_and_Jenkins/chromediver">
      <![CDATA[java.lang.IllegalStateException: The driver executable does not exist: /Users/apple/eclipse-workspace/Assignment2_Cross-Browser_Testing_and_Jenkins/chromediver
at com.google.common.base.Preconditions.checkState(Preconditions.java:585)
at org.openqa.selenium.remote.service.DriverService.checkExecutable(DriverService.java:137)
at org.openqa.selenium.remote.service.DriverService.findExecutable(DriverService.java:132)
at org.openqa.selenium.chrome.ChromeDriverService.access$000(ChromeDriverService.java:35)
at org.openqa.selenium.chrome.ChromeDriverService$Builder.findDefaultExecutable(ChromeDriverService.java:156)
at org.openqa.selenium.remote.service.DriverService$Builder.build(DriverService.java:346)
at org.openqa.selenium.chrome.ChromeDriverService.createDefaultService(ChromeDriverService.java:91)
at org.openqa.selenium.chrome.ChromeDriver.<init>(ChromeDriver.java:123)
at com.fpt.CheckContact.setup(CheckContact.java:21)
at sun.reflect.NativeMethodAccessorImpl.invoke0(Native Method)
at sun.reflect.NativeMethodAccessorImpl.invoke(NativeMethodAccessorImpl.java:62)
at sun.reflect.DelegatingMethodAccessorImpl.invoke(DelegatingMethodAccessorImpl.java:43)
at java.lang.reflect.Method.invoke(Method.java:498)
at org.testng.internal.MethodInvocationHelper.invokeMethod(MethodInvocationHelper.java:124)
at org.testng.internal.MethodInvocationHelper.invokeMethodConsideringTimeout(MethodInvocationHelper.java:59)
at org.testng.internal.Invoker.invokeConfigurationMethod(Invoker.java:458)
at org.testng.internal.Invoker.invokeConfigurations(Invoker.java:222)
at org.testng.internal.Invoker.invokeMethod(Invoker.java:523)
at org.testng.internal.Invoker.invokeTestMethod(Invoker.java:719)
at org.testng.internal.Invoker.invokeTestMethods(Invoker.java:989)
at org.testng.internal.TestMethodWorker.invokeTestMethods(TestMethodWorker.java:125)
at org.testng.internal.TestMethodWorker.run(TestMethodWorker.java:109)
at org.testng.TestRunner.privateRun(TestRunner.java:648)
at org.testng.TestRunner.run(TestRunner.java:505)
at org.testng.SuiteRunner.runTest(SuiteRunner.java:455)
at org.testng.SuiteRunner.runSequentially(SuiteRunner.java:450)
at org.testng.SuiteRunner.privateRun(SuiteRunner.java:415)
at org.testng.SuiteRunner.run(SuiteRunner.java:364)
at org.testng.SuiteRunnerWorker.runSuite(SuiteRunnerWorker.java:52)
at org.testng.SuiteRunnerWorker.run(SuiteRunnerWorker.java:84)
at org.testng.TestNG.runSuitesSequentially(TestNG.java:1208)
at org.testng.TestNG.runSuitesLocally(TestNG.java:1137)
at org.testng.TestNG.runSuites(TestNG.java:1049)
at org.testng.TestNG.run(TestNG.java:1017)
at org.testng.remote.AbstractRemoteTestNG.run(AbstractRemoteTestNG.java:132)
at org.testng.remote.RemoteTestNG.initAndRun(RemoteTestNG.java:230)
at org.testng.remote.RemoteTestNG.main(RemoteTestNG.java:76)
]]>
    </error>
  </testcase> <!-- setup -->
</testsuite> <!-- com.fpt.CheckContact -->
