<?xml version="1.0" encoding="UTF-8"?>
<!-- Generated by org.testng.reporters.JUnitReportReporter -->
<testsuite skipped="10" hostname="MacBook-Pro-2.local" name="com.fpt.TestParallel" tests="11" failures="0" timestamp="26 Mar 2019 16:59:48 GMT" time="0.000" errors="1">
  <testcase name="testClickSendButton" time="0.000" classname="com.fpt.TestParallel">
    <skipped/>
  </testcase> <!-- testClickSendButton -->
  <testcase name="testSelectCustomerService" time="0.000" classname="com.fpt.TestParallel">
    <skipped/>
  </testcase> <!-- testSelectCustomerService -->
  <testcase name="testVerifyText" time="0.000" classname="com.fpt.TestParallel">
    <skipped/>
  </testcase> <!-- testVerifyText -->
  <testcase name="testInputEmail" time="0.000" classname="com.fpt.TestParallel">
    <skipped/>
  </testcase> <!-- testInputEmail -->
  <testcase name="beforeClass" time="0.000" classname="com.fpt.TestParallel">
    <error type="org.testng.TestNGException" message="
Parameter &#039;platform&#039; is required by BeforeMethod on method beforeClass but has not been marked @Optional or defined
in /private/var/folders/24/4smgzljs2zj_np_xvfkgn6400000gl/T/testng-eclipse--106929165/testng-customsuite.xml">
      <![CDATA[org.testng.TestNGException: 
Parameter 'platform' is required by BeforeMethod on method beforeClass but has not been marked @Optional or defined
in /private/var/folders/24/4smgzljs2zj_np_xvfkgn6400000gl/T/testng-eclipse--106929165/testng-customsuite.xml
at org.testng.internal.Parameters.createParams(Parameters.java:290)
at org.testng.internal.Parameters.createParametersForMethod(Parameters.java:359)
at org.testng.internal.Parameters.createParameters(Parameters.java:620)
at org.testng.internal.Parameters.createConfigurationParameters(Parameters.java:190)
at org.testng.internal.Invoker.invokeConfigurations(Invoker.java:209)
at org.testng.internal.Invoker.invokeMethod(Invoker.java:523)
at org.testng.internal.Invoker.invokeTestMethod(Invoker.java:719)
at org.testng.internal.Invoker.invokeTestMethods(Invoker.java:989)
at org.testng.internal.TestMethodWorker.invokeTestMethods(TestMethodWorker.java:125)
at org.testng.internal.TestMethodWorker.run(TestMethodWorker.java:109)
at org.testng.TestRunner.privateRun(TestRunner.java:648)
at org.testng.TestRunner.run(TestRunner.java:505)
at org.testng.SuiteRunner.runTest(SuiteRunner.java:455)
at org.testng.SuiteRunner.runSequentially(SuiteRunner.java:450)
at org.testng.SuiteRunner.privateRun(SuiteRunner.java:415)
at org.testng.SuiteRunner.run(SuiteRunner.java:364)
at org.testng.SuiteRunnerWorker.runSuite(SuiteRunnerWorker.java:52)
at org.testng.SuiteRunnerWorker.run(SuiteRunnerWorker.java:84)
at org.testng.TestNG.runSuitesSequentially(TestNG.java:1208)
at org.testng.TestNG.runSuitesLocally(TestNG.java:1137)
at org.testng.TestNG.runSuites(TestNG.java:1049)
at org.testng.TestNG.run(TestNG.java:1017)
at org.testng.remote.AbstractRemoteTestNG.run(AbstractRemoteTestNG.java:132)
at org.testng.remote.RemoteTestNG.initAndRun(RemoteTestNG.java:230)
at org.testng.remote.RemoteTestNG.main(RemoteTestNG.java:76)
]]>
    </error>
  </testcase> <!-- beforeClass -->
  <testcase name="testNavigateToPage" time="0.000" classname="com.fpt.TestParallel">
    <skipped/>
  </testcase> <!-- testNavigateToPage -->
  <testcase name="testSelectOrderReference" time="0.000" classname="com.fpt.TestParallel">
    <skipped/>
  </testcase> <!-- testSelectOrderReference -->
  <testcase name="testSelectProduct" time="0.000" classname="com.fpt.TestParallel">
    <skipped/>
  </testcase> <!-- testSelectProduct -->
  <testcase name="clickContactButton" time="0.000" classname="com.fpt.TestParallel">
    <skipped/>
  </testcase> <!-- clickContactButton -->
  <testcase name="testInputMessage" time="0.000" classname="com.fpt.TestParallel">
    <skipped/>
  </testcase> <!-- testInputMessage -->
  <testcase name="checkDisplay" time="0.000" classname="com.fpt.TestParallel">
    <skipped/>
  </testcase> <!-- checkDisplay -->
</testsuite> <!-- com.fpt.TestParallel -->
