<?xml version="1.0" encoding="UTF-8"?>
<!-- Generated by org.testng.reporters.JUnitReportReporter -->
<testsuite skipped="1" hostname="MacBook-Pro-2.local" name="com.fpt.excercise1.TestStartbucksAppOnAndroid" tests="2" failures="0" timestamp="27 Mar 2019 15:32:13 GMT" time="4.042" errors="1">
  <testcase name="test" time="0.000" classname="com.fpt.excercise1.TestStartbucksAppOnAndroid">
    <skipped/>
  </testcase> <!-- test -->
  <testcase name="setup" time="4.042" classname="com.fpt.excercise1.TestStartbucksAppOnAndroid">
    <error type="org.openqa.selenium.WebDriverException" message="An unknown server-side error occurred while processing the command. Original error: Cannot start the &#039;com.starbucks.vn&#039; application. Visit https://github.com/appium/appium/blob/master/docs/en/writing-running-appium/android/activity-startup.md for troubleshooting. Original error: Error executing adbExec. Original error: &#039;Command &#039;/usr/local/bin/adb -P 5037 -s emulator-5554 shell am start -W -n com.starbucks.vn/o.eV -S&#039; exited with code 255&#039;; Stderr: &#039;Security exception: Permission Denial: starting Intent { flg=0x10000000 cmp=com.starbucks.vn/o.eV } from null (pid=21530, uid=2000) not exported from uid 10082

java.lang.SecurityException: Permission Denial: starting Intent { flg=0x10000000 cmp=com.starbucks.vn/o.eV } from null (pid=21530, uid=2000) not exported from uid 10082
	at com.android.server.am.ActivityStackSupervisor.checkStartAnyActivityPermission(ActivityStackSupervisor.java:1632)
	at com.android.server.am.ActivityStarter.startActivity(ActivityStarter.java:438)
	at com.android.server.am.ActivityStarter.startActivityLocked(ActivityStarter.java:278)
	at com.android.server.am.ActivityStarter.startActivityMayWait(ActivityStarter.java:817)
	at com.android.server.am.ActivityManagerService.startActivityAndWait(ActivityManagerService.java:4625)
	at com.android.server.am.ActivityManagerShellCommand.runStartActivity(ActivityManagerShellCommand.java:412)
	at com.android.server.am.ActivityManagerShellCommand.onCommand(ActivityManagerShellCommand.java:141)
	at android.os.ShellCommand.exec(ShellCommand.java:96)
	at com.android.server.am.ActivityManagerService.onShellCommand(ActivityManagerService.java:15014)
	at android.os.Binder.shellCommand(Binder.java:594)
	at android.os.Binder.onTransact(Binder.java:492)
	at android.app.IActivityManager$Stub.onTransact(IActivityManager.java:4243)
	at com.android.server.am.ActivityManagerService.onTransact(ActivityManagerService.java:2919)
	at android.os.Binder.execTransact(Binder.java:697)&#039;; Code: &#039;255&#039; (WARNING: The server did not provide any stacktrace information)
Command duration or timeout: 3.41 seconds
Build info: version: &#039;2.53.1&#039;, revision: &#039;a36b8b1cd5757287168e54b817830adce9b0158d&#039;, time: &#039;2016-06-30 19:26:09&#039;
System info: host: &#039;MacBook-Pro-2.local&#039;, ip: &#039;127.0.0.1&#039;, os.name: &#039;Mac OS X&#039;, os.arch: &#039;x86_64&#039;, os.version: &#039;10.14.2&#039;, java.version: &#039;1.8.0_181&#039;
Driver info: io.appium.java_client.android.AndroidDriver">
      <![CDATA[org.openqa.selenium.WebDriverException: An unknown server-side error occurred while processing the command. Original error: Cannot start the 'com.starbucks.vn' application. Visit https://github.com/appium/appium/blob/master/docs/en/writing-running-appium/android/activity-startup.md for troubleshooting. Original error: Error executing adbExec. Original error: 'Command '/usr/local/bin/adb -P 5037 -s emulator-5554 shell am start -W -n com.starbucks.vn/o.eV -S' exited with code 255'; Stderr: 'Security exception: Permission Denial: starting Intent { flg=0x10000000 cmp=com.starbucks.vn/o.eV } from null (pid=21530, uid=2000) not exported from uid 10082

java.lang.SecurityException: Permission Denial: starting Intent { flg=0x10000000 cmp=com.starbucks.vn/o.eV } from null (pid=21530, uid=2000) not exported from uid 10082
at com.android.server.am.ActivityStackSupervisor.checkStartAnyActivityPermission(ActivityStackSupervisor.java:1632)
at com.android.server.am.ActivityStarter.startActivity(ActivityStarter.java:438)
at com.android.server.am.ActivityStarter.startActivityLocked(ActivityStarter.java:278)
at com.android.server.am.ActivityStarter.startActivityMayWait(ActivityStarter.java:817)
at com.android.server.am.ActivityManagerService.startActivityAndWait(ActivityManagerService.java:4625)
at com.android.server.am.ActivityManagerShellCommand.runStartActivity(ActivityManagerShellCommand.java:412)
at com.android.server.am.ActivityManagerShellCommand.onCommand(ActivityManagerShellCommand.java:141)
at android.os.ShellCommand.exec(ShellCommand.java:96)
at com.android.server.am.ActivityManagerService.onShellCommand(ActivityManagerService.java:15014)
at android.os.Binder.shellCommand(Binder.java:594)
at android.os.Binder.onTransact(Binder.java:492)
at android.app.IActivityManager$Stub.onTransact(IActivityManager.java:4243)
at com.android.server.am.ActivityManagerService.onTransact(ActivityManagerService.java:2919)
at android.os.Binder.execTransact(Binder.java:697)'; Code: '255' (WARNING: The server did not provide any stacktrace information)
Command duration or timeout: 3.41 seconds
Build info: version: '2.53.1', revision: 'a36b8b1cd5757287168e54b817830adce9b0158d', time: '2016-06-30 19:26:09'
System info: host: 'MacBook-Pro-2.local', ip: '127.0.0.1', os.name: 'Mac OS X', os.arch: 'x86_64', os.version: '10.14.2', java.version: '1.8.0_181'
Driver info: io.appium.java_client.android.AndroidDriver
at sun.reflect.NativeConstructorAccessorImpl.newInstance0(Native Method)
at sun.reflect.NativeConstructorAccessorImpl.newInstance(NativeConstructorAccessorImpl.java:62)
at sun.reflect.DelegatingConstructorAccessorImpl.newInstance(DelegatingConstructorAccessorImpl.java:45)
at java.lang.reflect.Constructor.newInstance(Constructor.java:423)
at org.openqa.selenium.remote.ErrorHandler.createThrowable(ErrorHandler.java:206)
at org.openqa.selenium.remote.ErrorHandler.throwIfResponseFailed(ErrorHandler.java:158)
at org.openqa.selenium.remote.RemoteWebDriver.execute(RemoteWebDriver.java:678)
at io.appium.java_client.DefaultGenericMobileDriver.execute(DefaultGenericMobileDriver.java:40)
at io.appium.java_client.AppiumDriver.execute(AppiumDriver.java:1)
at io.appium.java_client.android.AndroidDriver.execute(AndroidDriver.java:1)
at org.openqa.selenium.remote.RemoteWebDriver.startSession(RemoteWebDriver.java:249)
at org.openqa.selenium.remote.RemoteWebDriver.<init>(RemoteWebDriver.java:131)
at org.openqa.selenium.remote.RemoteWebDriver.<init>(RemoteWebDriver.java:144)
at io.appium.java_client.DefaultGenericMobileDriver.<init>(DefaultGenericMobileDriver.java:36)
at io.appium.java_client.AppiumDriver.<init>(AppiumDriver.java:114)
at io.appium.java_client.AppiumDriver.<init>(AppiumDriver.java:132)
at io.appium.java_client.android.AndroidDriver.<init>(AndroidDriver.java:92)
at com.fpt.excercise1.TestStartbucksAppOnAndroid.setup(TestStartbucksAppOnAndroid.java:32)
at sun.reflect.NativeMethodAccessorImpl.invoke0(Native Method)
at sun.reflect.NativeMethodAccessorImpl.invoke(NativeMethodAccessorImpl.java:62)
at sun.reflect.DelegatingMethodAccessorImpl.invoke(DelegatingMethodAccessorImpl.java:43)
at java.lang.reflect.Method.invoke(Method.java:498)
at org.testng.internal.MethodInvocationHelper.invokeMethod(MethodInvocationHelper.java:124)
at org.testng.internal.MethodInvocationHelper.invokeMethodConsideringTimeout(MethodInvocationHelper.java:59)
at org.testng.internal.Invoker.invokeConfigurationMethod(Invoker.java:458)
at org.testng.internal.Invoker.invokeConfigurations(Invoker.java:222)
at org.testng.internal.Invoker.invokeConfigurations(Invoker.java:142)
at org.testng.TestRunner.beforeRun(TestRunner.java:529)
at org.testng.TestRunner.run(TestRunner.java:497)
at org.testng.SuiteRunner.runTest(SuiteRunner.java:455)
at org.testng.SuiteRunner.runSequentially(SuiteRunner.java:450)
at org.testng.SuiteRunner.privateRun(SuiteRunner.java:415)
at org.testng.SuiteRunner.run(SuiteRunner.java:364)
at org.testng.SuiteRunnerWorker.runSuite(SuiteRunnerWorker.java:52)
at org.testng.SuiteRunnerWorker.run(SuiteRunnerWorker.java:84)
at org.testng.TestNG.runSuitesSequentially(TestNG.java:1208)
at org.testng.TestNG.runSuitesLocally(TestNG.java:1137)
at org.testng.TestNG.runSuites(TestNG.java:1049)
at org.testng.TestNG.run(TestNG.java:1017)
at org.testng.remote.AbstractRemoteTestNG.run(AbstractRemoteTestNG.java:132)
at org.testng.remote.RemoteTestNG.initAndRun(RemoteTestNG.java:230)
at org.testng.remote.RemoteTestNG.main(RemoteTestNG.java:76)
]]>
    </error>
  </testcase> <!-- setup -->
</testsuite> <!-- com.fpt.excercise1.TestStartbucksAppOnAndroid -->
