<?xml version="1.0" encoding="UTF-8"?>
<!-- Generated by org.testng.reporters.JUnitXMLReporter -->
<testsuite hostname="MacBook-Pro-2.local" ignored="0" name="Command line test" tests="9" failures="0" timestamp="27 Mar 2019 01:47:40 GMT" time="0.126" errors="0">
  <testcase name="@BeforeTest setup" time="0.097" classname="com.fpt.NewTest">
    <failure type="java.lang.IllegalStateException" message="The driver is not executable: /Users/apple/eclipse-workspace/Assignment2_Cross-Browser_Testing_and_Jenkins/chromedriver">
      <![CDATA[java.lang.IllegalStateException: The driver is not executable: /Users/apple/eclipse-workspace/Assignment2_Cross-Browser_Testing_and_Jenkins/chromedriver
at com.google.common.base.Preconditions.checkState(Preconditions.java:585)
at org.openqa.selenium.remote.service.DriverService.checkExecutable(DriverService.java:141)
at org.openqa.selenium.remote.service.DriverService.findExecutable(DriverService.java:132)
at org.openqa.selenium.chrome.ChromeDriverService.access$000(ChromeDriverService.java:35)
at org.openqa.selenium.chrome.ChromeDriverService$Builder.findDefaultExecutable(ChromeDriverService.java:156)
at org.openqa.selenium.remote.service.DriverService$Builder.build(DriverService.java:346)
at org.openqa.selenium.chrome.ChromeDriverService.createDefaultService(ChromeDriverService.java:91)
at org.openqa.selenium.chrome.ChromeDriver.<init>(ChromeDriver.java:123)
at com.fpt.NewTest.setup(NewTest.java:20)
... Removed 33 stack frames]]>
    </failure>
  </testcase> <!-- @BeforeTest setup -->
  <testcase name="@AfterTest teardown" time="0.0" classname="com.fpt.NewTest">
    <skipped/>
  </testcase> <!-- @AfterTest teardown -->
  <testcase name="checkDisplay" time="0.0" classname="com.fpt.NewTest">
    <skipped/>
  </testcase> <!-- checkDisplay -->
  <testcase name="clickContactButton" time="0.0" classname="com.fpt.NewTest">
    <skipped/>
  </testcase> <!-- clickContactButton -->
  <testcase name="testClickSendButton" time="0.0" classname="com.fpt.NewTest">
    <skipped/>
  </testcase> <!-- testClickSendButton -->
  <testcase name="testInputEmail" time="0.0" classname="com.fpt.NewTest">
    <skipped/>
  </testcase> <!-- testInputEmail -->
  <testcase name="testInputMessage" time="0.0" classname="com.fpt.NewTest">
    <skipped/>
  </testcase> <!-- testInputMessage -->
  <testcase name="testSelectCustomerService" time="0.0" classname="com.fpt.NewTest">
    <skipped/>
  </testcase> <!-- testSelectCustomerService -->
  <testcase name="testSelectOrderReference" time="0.0" classname="com.fpt.NewTest">
    <skipped/>
  </testcase> <!-- testSelectOrderReference -->
  <testcase name="testSelectProduct" time="0.0" classname="com.fpt.NewTest">
    <skipped/>
  </testcase> <!-- testSelectProduct -->
  <testcase name="testVerifyText" time="0.0" classname="com.fpt.NewTest">
    <skipped/>
  </testcase> <!-- testVerifyText -->
</testsuite> <!-- Command line test -->
