<?xml version="1.0" encoding="UTF-8"?>
<!-- Generated by org.testng.reporters.JUnitReportReporter -->
<testsuite skipped="9" hostname="MacBook-Pro-2.local" name="com.fpt.NewTest" tests="10" failures="0" timestamp="27 Mar 2019 01:47:40 GMT" time="0.097" errors="1">
  <testcase name="testClickSendButton" time="0.000" classname="com.fpt.NewTest">
    <skipped/>
  </testcase> <!-- testClickSendButton -->
  <testcase name="testInputEmail" time="0.000" classname="com.fpt.NewTest">
    <skipped/>
  </testcase> <!-- testInputEmail -->
  <testcase name="testVerifyText" time="0.000" classname="com.fpt.NewTest">
    <skipped/>
  </testcase> <!-- testVerifyText -->
  <testcase name="checkDisplay" time="0.000" classname="com.fpt.NewTest">
    <skipped/>
  </testcase> <!-- checkDisplay -->
  <testcase name="clickContactButton" time="0.000" classname="com.fpt.NewTest">
    <skipped/>
  </testcase> <!-- clickContactButton -->
  <testcase name="testSelectProduct" time="0.000" classname="com.fpt.NewTest">
    <skipped/>
  </testcase> <!-- testSelectProduct -->
  <testcase name="testSelectOrderReference" time="0.000" classname="com.fpt.NewTest">
    <skipped/>
  </testcase> <!-- testSelectOrderReference -->
  <testcase name="testSelectCustomerService" time="0.000" classname="com.fpt.NewTest">
    <skipped/>
  </testcase> <!-- testSelectCustomerService -->
  <testcase name="testInputMessage" time="0.000" classname="com.fpt.NewTest">
    <skipped/>
  </testcase> <!-- testInputMessage -->
  <testcase name="setup" time="0.097" classname="com.fpt.NewTest">
    <error type="java.lang.IllegalStateException" message="The driver is not executable: /Users/apple/eclipse-workspace/Assignment2_Cross-Browser_Testing_and_Jenkins/chromedriver">
      <![CDATA[java.lang.IllegalStateException: The driver is not executable: /Users/apple/eclipse-workspace/Assignment2_Cross-Browser_Testing_and_Jenkins/chromedriver
at com.google.common.base.Preconditions.checkState(Preconditions.java:585)
at org.openqa.selenium.remote.service.DriverService.checkExecutable(DriverService.java:141)
at org.openqa.selenium.remote.service.DriverService.findExecutable(DriverService.java:132)
at org.openqa.selenium.chrome.ChromeDriverService.access$000(ChromeDriverService.java:35)
at org.openqa.selenium.chrome.ChromeDriverService$Builder.findDefaultExecutable(ChromeDriverService.java:156)
at org.openqa.selenium.remote.service.DriverService$Builder.build(DriverService.java:346)
at org.openqa.selenium.chrome.ChromeDriverService.createDefaultService(ChromeDriverService.java:91)
at org.openqa.selenium.chrome.ChromeDriver.<init>(ChromeDriver.java:123)
at com.fpt.NewTest.setup(NewTest.java:20)
at sun.reflect.NativeMethodAccessorImpl.invoke0(Native Method)
at sun.reflect.NativeMethodAccessorImpl.invoke(NativeMethodAccessorImpl.java:62)
at sun.reflect.DelegatingMethodAccessorImpl.invoke(DelegatingMethodAccessorImpl.java:43)
at java.lang.reflect.Method.invoke(Method.java:498)
at org.testng.internal.MethodInvocationHelper.invokeMethod(MethodInvocationHelper.java:124)
at org.testng.internal.MethodInvocationHelper.invokeMethodConsideringTimeout(MethodInvocationHelper.java:59)
at org.testng.internal.Invoker.invokeConfigurationMethod(Invoker.java:458)
at org.testng.internal.Invoker.invokeConfigurations(Invoker.java:222)
at org.testng.internal.Invoker.invokeConfigurations(Invoker.java:142)
at org.testng.TestRunner.beforeRun(TestRunner.java:529)
at org.testng.TestRunner.run(TestRunner.java:497)
at org.testng.SuiteRunner.runTest(SuiteRunner.java:455)
at org.testng.SuiteRunner.runSequentially(SuiteRunner.java:450)
at org.testng.SuiteRunner.privateRun(SuiteRunner.java:415)
at org.testng.SuiteRunner.run(SuiteRunner.java:364)
at org.testng.SuiteRunnerWorker.runSuite(SuiteRunnerWorker.java:52)
at org.testng.SuiteRunnerWorker.run(SuiteRunnerWorker.java:84)
at org.testng.TestNG.runSuitesSequentially(TestNG.java:1208)
at org.testng.TestNG.runSuitesLocally(TestNG.java:1137)
at org.testng.TestNG.runSuites(TestNG.java:1049)
at org.testng.TestNG.run(TestNG.java:1017)
at org.apache.maven.surefire.testng.TestNGExecutor.run(TestNGExecutor.java:77)
at org.apache.maven.surefire.testng.TestNGDirectoryTestSuite.execute(TestNGDirectoryTestSuite.java:110)
at org.apache.maven.surefire.testng.TestNGProvider.invoke(TestNGProvider.java:106)
at sun.reflect.NativeMethodAccessorImpl.invoke0(Native Method)
at sun.reflect.NativeMethodAccessorImpl.invoke(NativeMethodAccessorImpl.java:62)
at sun.reflect.DelegatingMethodAccessorImpl.invoke(DelegatingMethodAccessorImpl.java:43)
at java.lang.reflect.Method.invoke(Method.java:498)
at org.apache.maven.surefire.util.ReflectionUtils.invokeMethodWithArray(ReflectionUtils.java:189)
at org.apache.maven.surefire.booter.ProviderFactory$ProviderProxy.invoke(ProviderFactory.java:165)
at org.apache.maven.surefire.booter.ProviderFactory.invokeProvider(ProviderFactory.java:85)
at org.apache.maven.surefire.booter.ForkedBooter.runSuitesInProcess(ForkedBooter.java:115)
at org.apache.maven.surefire.booter.ForkedBooter.main(ForkedBooter.java:75)
]]>
    </error>
  </testcase> <!-- setup -->
</testsuite> <!-- com.fpt.NewTest -->
